2020-11-04 14:15:01,685 [1] INFO DAO.DaoCustomers - Llame a Sql para obtener ListofCustomers
2020-11-04 14:15:02,385 [1] INFO DAO.DaoCustomers - Obtuve ListofCustomers
2020-11-04 14:15:25,775 [1] INFO DAO.DaoCustomers - Llame a Sql para obtener ListofCustomers
2020-11-04 14:15:26,259 [1] INFO DAO.DaoCustomers - Obtuve ListofCustomers
2020-11-04 15:01:55,149 [1] INFO DAO.DaoCustomers - Llame a Sql para obtener ListofCustomers
2020-11-04 15:01:55,690 [1] INFO DAO.DaoCustomers - Obtuve ListofCustomers
2020-11-04 15:02:09,718 [1] INFO DAO.DaoCustomers - Llame a Sql para obtener un Id
2020-11-04 15:02:09,739 [1] INFO DAO.DaoCustomers - Error inesperadoLa cadena de entrada no tiene el formato correcto.
2020-11-04 15:03:00,349 [1] INFO DAO.DaoCustomers - Llame a Sql para obtener ListofCustomers
2020-11-04 15:03:00,908 [1] INFO DAO.DaoCustomers - Obtuve ListofCustomers
2020-11-04 15:03:05,180 [1] INFO DAO.DaoCustomers - Llame a Sql para obtener un Id
2020-11-04 15:03:05,195 [1] INFO DAO.DaoCustomers - Error inesperadoLa cadena de entrada no tiene el formato correcto.
2020-11-04 15:03:38,399 [1] INFO DAO.DaoCustomers - Llame a Sql para obtener ListofCustomers
2020-11-04 15:03:38,962 [1] INFO DAO.DaoCustomers - Obtuve ListofCustomers
2020-11-04 15:03:56,670 [1] INFO DAO.DaoCustomers - Llame a Sql para obtener un Id
2020-11-04 15:06:50,332 [1] INFO DAO.DaoCustomers - Llame a Sql para obtener ListofCustomers
2020-11-04 15:06:50,847 [1] INFO DAO.DaoCustomers - Obtuve ListofCustomers
2020-11-04 15:06:57,887 [1] INFO DAO.DaoCustomers - Llamo a Sql para actualizar Customer
2020-11-04 15:06:57,903 [1] INFO DAO.DaoCustomers - La actulización fue exitosa
2020-11-04 15:06:57,939 [1] INFO DAO.DaoProducts - Llame a Sql para obtener listOfProducts
2020-11-04 15:06:57,970 [1] INFO DAO.DaoProducts - Obtuve ListofCustomers
2020-11-04 15:08:20,097 [1] INFO DAO.DaoCustomers - Llame a Sql para obtener ListofCustomers
2020-11-04 15:08:20,633 [1] INFO DAO.DaoCustomers - Obtuve ListofCustomers
2020-11-04 15:08:29,008 [1] INFO DAO.DaoCustomers - Llamo a Sql para actualizar Customer
2020-11-04 15:08:29,021 [1] INFO DAO.DaoCustomers - La actulización fue exitosa
2020-11-04 15:08:29,053 [1] INFO DAO.DaoProducts - Llame a Sql para obtener listOfProducts
2020-11-04 15:08:29,077 [1] INFO DAO.DaoProducts - Obtuve ListofCustomers
2020-11-04 15:15:01,661 [1] INFO DAO.DaoCustomers - Llamo a Sql para actualizar Customer
2020-11-04 15:15:01,713 [1] INFO DAO.DaoCustomers - La actulización fue exitosa
2020-11-04 15:15:01,714 [1] INFO DAO.DaoCustomers - Llame a Sql para obtener ListofCustomers
2020-11-04 15:15:01,736 [1] INFO DAO.DaoCustomers - Obtuve ListofCustomers
2020-11-04 15:15:01,781 [1] INFO DAO.DaoProducts - Llame a Sql para obtener listOfProducts
2020-11-04 15:15:01,804 [1] INFO DAO.DaoProducts - Obtuve ListofCustomers
2020-11-04 15:26:24,445 [1] INFO DAO.DaoCustomers - Llame a Sql para obtener Customer por Id
2020-11-04 15:26:24,925 [1] INFO DAO.DaoCustomers - Obtuve Customer por Id
2020-11-04 15:26:24,926 [1] INFO DAO.DaoProducts - Llame a Sql para obtener listOfProducts
2020-11-04 15:26:24,949 [1] INFO DAO.DaoProducts - Obtuve ListofCustomers
2020-11-04 16:03:25,418 [1] INFO DAO.DaoProducts - Llame a Sql para obtener Customer por Id
2020-11-04 16:03:25,909 [1] INFO DAO.DaoProducts - Obtuve Customer por Id
2020-11-04 16:03:30,784 [1] INFO DAO.DaoProducts - Llame a Sql para actualizar Products
2020-11-04 16:03:30,787 [1] INFO DAO.DaoProducts - La actualización fue exitosa
2020-11-04 16:03:30,811 [1] INFO DAO.DaoProducts - Llame a Sql para obtener listOfProducts
2020-11-04 16:03:30,815 [1] INFO DAO.DaoProducts - Obtuve ListofCustomers
2020-11-04 16:19:42,517 [1] INFO DAO.DaoProducts - Llame a Sql para obtener Customer por Id
2020-11-04 16:19:42,982 [1] INFO DAO.DaoProducts - Obtuve Customer por Id
2020-11-04 16:19:47,324 [1] INFO DAO.DaoProducts - Llame a Sql para actualizar Products
2020-11-04 16:19:47,340 [1] INFO DAO.DaoProducts - La actualización fue exitosa
2020-11-04 16:19:47,341 [1] INFO DAO.DaoProducts - Llame a Sql para obtener listOfProducts
2020-11-04 16:19:47,345 [1] INFO DAO.DaoProducts - Obtuve ListofCustomers
2020-11-04 16:19:59,789 [1] INFO DAO.DaoProducts - Llame a Sql para obtener Customer por Id
2020-11-04 16:19:59,792 [1] INFO DAO.DaoProducts - Obtuve Customer por Id
2020-11-04 16:19:59,792 [1] INFO DAO.DaoProducts - Llame a Sql para borrar un Products
2020-11-04 16:19:59,818 [1] INFO DAO.DaoProducts - Error inesperadoAn error occurred while updating the entries. See the inner exception for details.
2020-11-05 11:13:22,328 [1] INFO DAO.DaoCustomers - Llamo a Sql para actualizar Customer
2020-11-05 11:13:22,384 [1] INFO DAO.DaoCustomers - Error inesperadoAn error occurred while updating the entries. See the inner exception for details.
2020-11-05 11:14:32,045 [1] INFO DAO.DaoCustomers - Llamo a Sql para actualizar Customer
2020-11-05 11:15:29,665 [1] INFO DAO.DaoCustomers - Error inesperadoAn error occurred while updating the entries. See the inner exception for details.
2020-11-05 11:20:21,757 [1] INFO DAO.DaoCustomers - Llamo a Sql para actualizar Customer
2020-11-05 11:20:21,812 [1] INFO DAO.DaoCustomers - Error inesperadoAn error occurred while updating the entries. See the inner exception for details.
2020-11-05 11:26:22,712 [1] INFO DAO.DaoCustomers - Llamo a Sql para actualizar Customer
2020-11-05 11:26:22,767 [1] INFO DAO.DaoCustomers - La llamada a Sql tuvo un error en SqlAn error occurred while updating the entries. See the inner exception for details.
2020-11-05 11:27:35,060 [1] INFO DAO.DaoCustomers - Llamo a Sql para actualizar Customer
2020-11-05 11:27:40,966 [1] INFO DAO.DaoCustomers - Error inesperadoValidation failed for one or more entities. See 'EntityValidationErrors' property for more details.
2020-11-05 11:28:47,125 [1] INFO DAO.DaoCustomers - Llamo a Sql para actualizar Customer
2020-11-05 11:28:56,496 [1] INFO DAO.DaoCustomers - La llamada a Sql tuvo un error en SqlAn error occurred while updating the entries. See the inner exception for details.
2020-11-05 11:31:59,180 [1] INFO DAO.DaoCustomers - Llamo a Sql para actualizar Customer
2020-11-05 11:31:59,236 [1] INFO DAO.DaoCustomers - Error inesperadoAn error occurred while updating the entries. See the inner exception for details.
2020-11-05 11:32:49,837 [1] INFO DAO.DaoCustomers - Llamo a Sql para actualizar Customer
